<?xml version="1.0" encoding="UTF-8"?>
<!-- Generated by org.testng.reporters.JUnitReportReporter -->
<testsuite hostname="Agil_dev" failures="0" tests="3" name="cucumberOptions.TestNgTestRunner" time="0.096" errors="0" timestamp="2023-07-25T17:19:53 CEST" skipped="0">
  <testcase classname="cucumberOptions.TestNgTestRunner" name="runScenario" time="0.087"/>
  <testcase classname="cucumberOptions.TestNgTestRunner" name="runScenario" time="0.004"/>
  <testcase classname="cucumberOptions.TestNgTestRunner" name="runScenario" time="0.005"/>
</testsuite> <!-- cucumberOptions.TestNgTestRunner -->
